*******************************************************************
* Genome-wide Complex Trait Analysis (GCTA)
* version 1.93.2 beta Linux
* (C) 2010-present, Jian Yang, The University of Queensland
* Please report bugs to Jian Yang <jian.yang.qt@gmail.com>
*******************************************************************
Analysis started at 16:05:28 UTC on Wed Jan 27 2021.
Hostname: 4d09eced6481

Options: 
 
--grm output/genotypes 
--make-bK-sparse 0.05 
--out output/genotypes 

Pruning the GRM to sparse with a cut off of 0.050000...
Total number of parts to proceed: 1
    Saving 100 individual IDs
    Processing part 1
Saving GRM sparse (100 pairs) to [output/genotypes.grm.sp]
make GRM sparse finished Success:

Analysis finished at 16:05:28 UTC on Wed Jan 27 2021
Overall computational time: 0.28 sec.
